This is pdfTeX, Version 3.141592653-2.6-1.40.22 (TeX Live 2021) (preloaded format=pdflatex 2021.6.27)  16 JAN 2022 16:52
entering extended mode
 restricted \write18 enabled.
 file:line:error style messages enabled.
 %&-line parsing enabled.
**slides-extra.tex
(./slides-extra.tex
LaTeX2e <2020-10-01> patch level 4
L3 programming layer <2021-02-18>

./slides-extra.tex:1: LaTeX Error: \usepackage before \documentclass.

See the LaTeX manual or LaTeX Companion for explanation.
Type  H <return>  for immediate help.
 ...                                              
                                                  
l.1 \usepackage{
                relsize}
? 
./slides-extra.tex:1: Emergency stop.
 ...                                              
                                                  
l.1 \usepackage{
                relsize}
\usepackage may only appear in the document preamble, i.e.,
between \documentclass and \begin{document}.

 
Here is how much of TeX's memory you used:
 17 strings out of 478994
 545 string characters out of 5858184
 283044 words of memory out of 5000000
 17602 multiletter control sequences out of 15000+600000
 403430 words of font info for 27 fonts, out of 8000000 for 9000
 1141 hyphenation exceptions out of 8191
 13i,0n,15p,68b,14s stack positions out of 5000i,500n,10000p,200000b,80000s
./slides-extra.tex:1:  ==> Fatal error occurred, no output PDF file produced!
